INFO:root:Fri Sep 22 21:59:36 2017: log started
INFO:root:Fri Sep 22 21:59:36 2017: Opening JSON /home/daniel/python_projects/sim/data/json/first_names_male.json
INFO:root:Fri Sep 22 21:59:36 2017: Opening JSON /home/daniel/python_projects/sim/data/json/first_names_female.json
INFO:root:Fri Sep 22 21:59:36 2017: Opening JSON /home/daniel/python_projects/sim/data/json/family_names.json
INFO:root:Fri Sep 22 21:59:36 2017: Opening JSON /home/daniel/python_projects/sim/data/json/place_names.json
INFO:root:Fri Sep 22 21:59:36 2017: Opening JSON /home/daniel/python_projects/sim/data/json/idle_actions.json
INFO:root:Fri Sep 22 21:59:36 2017: Initiating Urwid
INFO:root:Fri Sep 22 21:59:36 2017: Intiating Logic Process
INFO:root:Fri Sep 22 21:59:36 2017: [u'Savage meadow', u'Honest plateau', u'Crumbling ruin of what might have been a pet shop', u'Crevasse', u'Field of sink holes', u'Charcoal ridge', u'Calloused and dusty plain', u'Stump village', u'Cantown']
INFO:root:Fri Sep 22 21:59:36 2017: [u'Savage meadow', u'Honest plateau', u'Crumbling ruin of what might have been a pet shop', u'Crevasse', u'Field of sink holes', u'Charcoal ridge', u'Calloused and dusty plain', u'Stump village', u'Cantown']
INFO:root:Fri Sep 22 21:59:36 2017: [u'Savage meadow', u'Honest plateau', u'Crumbling ruin of what might have been a pet shop', u'Crevasse', u'Field of sink holes', u'Charcoal ridge', u'Calloused and dusty plain', u'Stump village', u'Cantown']
INFO:root:Fri Sep 22 21:59:36 2017: [u'Savage meadow', u'Honest plateau', u'Crumbling ruin of what might have been a pet shop', u'Crevasse', u'Field of sink holes', u'Charcoal ridge', u'Calloused and dusty plain', u'Stump village', u'Cantown']
INFO:root:Fri Sep 22 21:59:55 2017: idle
INFO:root:Fri Sep 22 22:00:01 2017: idle
INFO:root:Fri Sep 22 22:00:02 2017: idle
INFO:root:Fri Sep 22 22:00:04 2017: idle
INFO:root:Fri Sep 22 22:00:07 2017: idle
INFO:root:Fri Sep 22 22:00:25 2017: idle
INFO:root:Fri Sep 22 22:00:35 2017: idle
INFO:root:Fri Sep 22 22:00:38 2017: idle
INFO:root:Fri Sep 22 22:00:48 2017: idle
INFO:root:Fri Sep 22 22:00:51 2017: idle
INFO:root:Fri Sep 22 22:01:02 2017: idle
INFO:root:Fri Sep 22 22:01:03 2017: idle
INFO:root:Fri Sep 22 22:01:06 2017: idle
INFO:root:Fri Sep 22 22:01:09 2017: idle
INFO:root:Fri Sep 22 22:01:21 2017: idle
INFO:root:Fri Sep 22 22:01:23 2017: idle
INFO:root:Fri Sep 22 22:01:36 2017: idle
INFO:root:Fri Sep 22 22:01:37 2017: idle
INFO:root:Fri Sep 22 22:01:41 2017: idle
INFO:root:Fri Sep 22 22:01:42 2017: idle
INFO:root:Fri Sep 22 22:01:43 2017: idle
INFO:root:Fri Sep 22 22:01:49 2017: idle
INFO:root:Fri Sep 22 22:01:51 2017: idle
INFO:root:Fri Sep 22 22:01:55 2017: idle
INFO:root:Fri Sep 22 22:02:01 2017: idle
INFO:root:Fri Sep 22 22:02:06 2017: idle
INFO:root:Fri Sep 22 22:02:11 2017: idle
INFO:root:Fri Sep 22 22:02:13 2017: idle
INFO:root:Fri Sep 22 22:02:15 2017: idle
INFO:root:Fri Sep 22 22:02:16 2017: idle
INFO:root:Fri Sep 22 22:02:32 2017: idle
INFO:root:Fri Sep 22 22:02:34 2017: idle
INFO:root:Fri Sep 22 22:02:35 2017: idle
INFO:root:Fri Sep 22 22:02:39 2017: idle
INFO:root:Fri Sep 22 22:02:47 2017: idle
INFO:root:Fri Sep 22 22:02:48 2017: idle
INFO:root:Fri Sep 22 22:02:54 2017: idle
INFO:root:Fri Sep 22 22:03:06 2017: idle
INFO:root:Fri Sep 22 22:03:07 2017: idle
INFO:root:Fri Sep 22 22:03:18 2017: idle
INFO:root:Fri Sep 22 22:03:20 2017: idle
INFO:root:Fri Sep 22 22:03:27 2017: idle
INFO:root:Fri Sep 22 22:03:30 2017: idle
